<?xml version="1.0" encoding="UTF-8"?>
<testng-results skipped="0" failed="1" total="8" passed="7">
  <reporter-output>
  </reporter-output>
  <suite name="Suite" duration-ms="60755" started-at="2020-06-26T10:33:43Z" finished-at="2020-06-26T10:34:43Z">
    <groups>
    </groups>
    <test name="Firefoxbrowser" duration-ms="32282" started-at="2020-06-26T10:33:43Z" finished-at="2020-06-26T10:34:15Z">
      <class name="ZapPayDemo">
        <test-method status="PASS" signature="setUp(java.lang.String)[pri:0, instance:ZapPayDemo@880ec60]" name="setUp" is-config="true" duration-ms="14028" started-at="2020-06-26T17:33:43Z" finished-at="2020-06-26T17:33:57Z">
          <params>
            <param index="0">
              <value>
                <![CDATA[firefox]]>
              </value>
            </param>
          </params>
          <reporter-output>
          </reporter-output>
        </test-method> <!-- setUp -->
        <test-method status="PASS" signature="testZapPayLoginBlank()[pri:1, instance:ZapPayDemo@880ec60]" name="testZapPayLoginBlank" duration-ms="3921" started-at="2020-06-26T17:33:57Z" finished-at="2020-06-26T17:34:01Z">
          <reporter-output>
          </reporter-output>
        </test-method> <!-- testZapPayLoginBlank -->
        <test-method status="PASS" signature="testZapPayLoginBlankPassword()[pri:2, instance:ZapPayDemo@880ec60]" name="testZapPayLoginBlankPassword" duration-ms="4009" started-at="2020-06-26T17:34:01Z" finished-at="2020-06-26T17:34:05Z">
          <reporter-output>
          </reporter-output>
        </test-method> <!-- testZapPayLoginBlankPassword -->
        <test-method status="PASS" signature="testZapPayLoginBlankUsername()[pri:3, instance:ZapPayDemo@880ec60]" name="testZapPayLoginBlankUsername" duration-ms="3845" started-at="2020-06-26T17:34:05Z" finished-at="2020-06-26T17:34:08Z">
          <reporter-output>
          </reporter-output>
        </test-method> <!-- testZapPayLoginBlankUsername -->
        <test-method status="FAIL" signature="testZapPayLogin()[pri:4, instance:ZapPayDemo@880ec60]" name="testZapPayLogin" duration-ms="869" started-at="2020-06-26T17:34:08Z" finished-at="2020-06-26T17:34:09Z">
          <exception class="java.lang.AssertionError">
            <message>
              <![CDATA[Pass roi nha expected [https://zappay.inapps.technology/client/customers] but found [https://zappay.inapps.technology/login]]]>
            </message>
            <full-stacktrace>
              <![CDATA[java.lang.AssertionError: Pass roi nha expected [https://zappay.inapps.technology/client/customers] but found [https://zappay.inapps.technology/login]
	at org.testng.Assert.fail(Assert.java:94)
	at org.testng.Assert.failNotEquals(Assert.java:513)
	at org.testng.Assert.assertEqualsImpl(Assert.java:135)
	at org.testng.Assert.assertEquals(Assert.java:116)
	at org.testng.Assert.assertEquals(Assert.java:190)
	at ZapPayDemo.testZapPayLogin(ZapPayDemo.java:46)
	at sun.reflect.NativeMethodAccessorImpl.invoke0(Native Method)
	at sun.reflect.NativeMethodAccessorImpl.invoke(NativeMethodAccessorImpl.java:62)
	at sun.reflect.DelegatingMethodAccessorImpl.invoke(DelegatingMethodAccessorImpl.java:43)
	at java.lang.reflect.Method.invoke(Method.java:498)
	at org.testng.internal.MethodInvocationHelper.invokeMethod(MethodInvocationHelper.java:86)
	at org.testng.internal.Invoker.invokeMethod(Invoker.java:643)
	at org.testng.internal.Invoker.invokeTestMethod(Invoker.java:820)
	at org.testng.internal.Invoker.invokeTestMethods(Invoker.java:1128)
	at org.testng.internal.TestMethodWorker.invokeTestMethods(TestMethodWorker.java:129)
	at org.testng.internal.TestMethodWorker.run(TestMethodWorker.java:112)
	at org.testng.TestRunner.privateRun(TestRunner.java:782)
	at org.testng.TestRunner.run(TestRunner.java:632)
	at org.testng.SuiteRunner.runTest(SuiteRunner.java:366)
	at org.testng.SuiteRunner.runSequentially(SuiteRunner.java:361)
	at org.testng.SuiteRunner.privateRun(SuiteRunner.java:319)
	at org.testng.SuiteRunner.run(SuiteRunner.java:268)
	at org.testng.SuiteRunnerWorker.runSuite(SuiteRunnerWorker.java:52)
	at org.testng.SuiteRunnerWorker.run(SuiteRunnerWorker.java:86)
	at org.testng.TestNG.runSuitesSequentially(TestNG.java:1244)
	at org.testng.TestNG.runSuitesLocally(TestNG.java:1169)
	at org.testng.TestNG.run(TestNG.java:1064)
	at com.intellij.rt.testng.IDEARemoteTestNG.run(IDEARemoteTestNG.java:66)
	at com.intellij.rt.testng.RemoteTestNGStarter.main(RemoteTestNGStarter.java:110)
]]>
            </full-stacktrace>
          </exception> <!-- java.lang.AssertionError -->
          <reporter-output>
          </reporter-output>
        </test-method> <!-- testZapPayLogin -->
        <test-method status="PASS" signature="tearDown()[pri:0, instance:ZapPayDemo@880ec60]" name="tearDown" is-config="true" duration-ms="5578" started-at="2020-06-26T17:34:09Z" finished-at="2020-06-26T17:34:15Z">
          <reporter-output>
          </reporter-output>
        </test-method> <!-- tearDown -->
      </class> <!-- ZapPayDemo -->
    </test> <!-- Firefoxbrowser -->
    <test name="Chromebrowser" duration-ms="28449" started-at="2020-06-26T10:34:15Z" finished-at="2020-06-26T10:34:43Z">
      <class name="ZapPayDemo">
        <test-method status="PASS" signature="setUp(java.lang.String)[pri:0, instance:ZapPayDemo@67b64c45]" name="setUp" is-config="true" duration-ms="7562" started-at="2020-06-26T17:34:15Z" finished-at="2020-06-26T17:34:23Z">
          <params>
            <param index="0">
              <value>
                <![CDATA[chrome]]>
              </value>
            </param>
          </params>
          <reporter-output>
          </reporter-output>
        </test-method> <!-- setUp -->
        <test-method status="PASS" signature="testZapPayLoginBlank()[pri:1, instance:ZapPayDemo@67b64c45]" name="testZapPayLoginBlank" duration-ms="4566" started-at="2020-06-26T17:34:23Z" finished-at="2020-06-26T17:34:27Z">
          <reporter-output>
          </reporter-output>
        </test-method> <!-- testZapPayLoginBlank -->
        <test-method status="PASS" signature="testZapPayLoginBlankPassword()[pri:2, instance:ZapPayDemo@67b64c45]" name="testZapPayLoginBlankPassword" duration-ms="4619" started-at="2020-06-26T17:34:27Z" finished-at="2020-06-26T17:34:32Z">
          <reporter-output>
          </reporter-output>
        </test-method> <!-- testZapPayLoginBlankPassword -->
        <test-method status="PASS" signature="testZapPayLoginBlankUsername()[pri:3, instance:ZapPayDemo@67b64c45]" name="testZapPayLoginBlankUsername" duration-ms="4783" started-at="2020-06-26T17:34:32Z" finished-at="2020-06-26T17:34:37Z">
          <reporter-output>
          </reporter-output>
        </test-method> <!-- testZapPayLoginBlankUsername -->
        <test-method status="PASS" signature="testZapPayLogin()[pri:4, instance:ZapPayDemo@67b64c45]" name="testZapPayLogin" duration-ms="6084" started-at="2020-06-26T17:34:37Z" finished-at="2020-06-26T17:34:43Z">
          <reporter-output>
          </reporter-output>
        </test-method> <!-- testZapPayLogin -->
        <test-method status="PASS" signature="tearDown()[pri:0, instance:ZapPayDemo@67b64c45]" name="tearDown" is-config="true" duration-ms="754" started-at="2020-06-26T17:34:43Z" finished-at="2020-06-26T17:34:43Z">
          <reporter-output>
          </reporter-output>
        </test-method> <!-- tearDown -->
      </class> <!-- ZapPayDemo -->
    </test> <!-- Chromebrowser -->
  </suite> <!-- Suite -->
</testng-results>
