<?xml version="1.0" encoding="UTF-8"?>
<!-- Generated by org.testng.reporters.JUnitXMLReporter -->
<testsuite hostname="DESKTOP-SQMMSSU" tests="4" failures="1" timestamp="26 Jun 2020 10:31:23 GMT" time="47.425" errors="0">
  <testcase name="testZapPayLoginBlank" time="4.056" classname="ZapPayDemo"/>
  <testcase name="testZapPayLoginBlankPassword" time="3.972" classname="ZapPayDemo"/>
  <testcase name="testZapPayLoginBlankUsername" time="3.84" classname="ZapPayDemo"/>
  <testcase name="testZapPayLogin" time="0.889" classname="ZapPayDemo">
    <failure type="java.lang.AssertionError" message="Pass roi nha expected [https://zappay.inapps.technology/client/customers] but found [https://zappay.inapps.technology/login]">
      <![CDATA[java.lang.AssertionError: Pass roi nha expected [https://zappay.inapps.technology/client/customers] but found [https://zappay.inapps.technology/login]
	at ZapPayDemo.testZapPayLogin(ZapPayDemo.java:46)
	at com.intellij.rt.testng.IDEARemoteTestNG.run(IDEARemoteTestNG.java:66)
	at com.intellij.rt.testng.RemoteTestNGStarter.main(RemoteTestNGStarter.java:110)
... Removed 26 stack frames]]>
    </failure>
  </testcase> <!-- testZapPayLogin -->
</testsuite>
