<?xml version="1.0" encoding="UTF-8"?>
<!-- Generated by org.testng.reporters.JUnitReportReporter -->
<testsuite hostname="DESKTOP-SQMMSSU" name="ZapPayDemo" tests="8" failures="1" timestamp="26 Jun 2020 10:34:43 GMT" time="32.696" errors="0">
  <testcase name="testZapPayLoginBlankUsername" time="3.845" classname="ZapPayDemo"/>
  <testcase name="testZapPayLoginBlank" time="4.566" classname="ZapPayDemo"/>
  <testcase name="testZapPayLoginBlankPassword" time="4.009" classname="ZapPayDemo"/>
  <testcase name="testZapPayLoginBlankUsername" time="4.783" classname="ZapPayDemo"/>
  <testcase name="testZapPayLoginBlankPassword" time="4.619" classname="ZapPayDemo"/>
  <testcase name="testZapPayLogin" time="6.084" classname="ZapPayDemo"/>
  <testcase name="testZapPayLoginBlank" time="3.921" classname="ZapPayDemo"/>
  <testcase name="testZapPayLogin" time="0.869" classname="ZapPayDemo">
    <failure type="java.lang.AssertionError" message="Pass roi nha expected [https://zappay.inapps.technology/client/customers] but found [https://zappay.inapps.technology/login]">
      <![CDATA[java.lang.AssertionError: Pass roi nha expected [https://zappay.inapps.technology/client/customers] but found [https://zappay.inapps.technology/login]
	at org.testng.Assert.fail(Assert.java:94)
	at org.testng.Assert.failNotEquals(Assert.java:513)
	at org.testng.Assert.assertEqualsImpl(Assert.java:135)
	at org.testng.Assert.assertEquals(Assert.java:116)
	at org.testng.Assert.assertEquals(Assert.java:190)
	at ZapPayDemo.testZapPayLogin(ZapPayDemo.java:46)
	at sun.reflect.NativeMethodAccessorImpl.invoke0(Native Method)
	at sun.reflect.NativeMethodAccessorImpl.invoke(NativeMethodAccessorImpl.java:62)
	at sun.reflect.DelegatingMethodAccessorImpl.invoke(DelegatingMethodAccessorImpl.java:43)
	at java.lang.reflect.Method.invoke(Method.java:498)
	at org.testng.internal.MethodInvocationHelper.invokeMethod(MethodInvocationHelper.java:86)
	at org.testng.internal.Invoker.invokeMethod(Invoker.java:643)
	at org.testng.internal.Invoker.invokeTestMethod(Invoker.java:820)
	at org.testng.internal.Invoker.invokeTestMethods(Invoker.java:1128)
	at org.testng.internal.TestMethodWorker.invokeTestMethods(TestMethodWorker.java:129)
	at org.testng.internal.TestMethodWorker.run(TestMethodWorker.java:112)
	at org.testng.TestRunner.privateRun(TestRunner.java:782)
	at org.testng.TestRunner.run(TestRunner.java:632)
	at org.testng.SuiteRunner.runTest(SuiteRunner.java:366)
	at org.testng.SuiteRunner.runSequentially(SuiteRunner.java:361)
	at org.testng.SuiteRunner.privateRun(SuiteRunner.java:319)
	at org.testng.SuiteRunner.run(SuiteRunner.java:268)
	at org.testng.SuiteRunnerWorker.runSuite(SuiteRunnerWorker.java:52)
	at org.testng.SuiteRunnerWorker.run(SuiteRunnerWorker.java:86)
	at org.testng.TestNG.runSuitesSequentially(TestNG.java:1244)
	at org.testng.TestNG.runSuitesLocally(TestNG.java:1169)
	at org.testng.TestNG.run(TestNG.java:1064)
	at com.intellij.rt.testng.IDEARemoteTestNG.run(IDEARemoteTestNG.java:66)
	at com.intellij.rt.testng.RemoteTestNGStarter.main(RemoteTestNGStarter.java:110)
]]>
    </failure>
  </testcase> <!-- testZapPayLogin -->
</testsuite> <!-- ZapPayDemo -->
